\BOOKMARK [0][]{chapter.1}{\376\377\0001\000\040\000I\000n\000t\000r\000o\000d\000u\000c\000t\000i\000o\000n}{}% 1
\BOOKMARK [0][]{chapter.2}{\376\377\0002\000\040\000D\000e\000s\000c\000r\000i\000p\000t\000i\000o\000n}{}% 2
\BOOKMARK [1][]{section.2.1}{\376\377\0002\000.\0001\000\040\000T\000a\000b\000l\000e\000\040\000o\000f\000\040\000C\000o\000n\000t\000e\000n\000t\000s}{chapter.2}% 3
\BOOKMARK [1][]{section.2.2}{\376\377\0002\000.\0002\000\040\000G\000e\000t\000t\000i\000n\000g\000\040\000S\000t\000a\000r\000t\000e\000d}{chapter.2}% 4
\BOOKMARK [1][]{section.2.3}{\376\377\0002\000.\0003\000\040\000U\000s\000a\000g\000e}{chapter.2}% 5
\BOOKMARK [2][]{subsection.2.3.1}{\376\377\0002\000.\0003\000.\0001\000\040\000c\000o\000n\000n\000e\000c\000t}{section.2.3}% 6
\BOOKMARK [2][]{subsection.2.3.2}{\376\377\0002\000.\0003\000.\0002\000\040\000d\000i\000s\000c\000o\000n\000n\000e\000c\000t}{section.2.3}% 7
\BOOKMARK [2][]{subsection.2.3.3}{\376\377\0002\000.\0003\000.\0003\000\040\000s\000e\000n\000d\000\040\000c\000o\000m\000m\000a\000n\000d}{section.2.3}% 8
\BOOKMARK [2][]{subsection.2.3.4}{\376\377\0002\000.\0003\000.\0004\000\040\000v\000e\000r\000i\000f\000y}{section.2.3}% 9
\BOOKMARK [1][]{section.2.4}{\376\377\0002\000.\0004\000\040\000E\000x\000a\000m\000p\000l\000e}{chapter.2}% 10
\BOOKMARK [1][]{section.2.5}{\376\377\0002\000.\0005\000\040\000C\000o\000n\000t\000r\000i\000b\000u\000t\000i\000o\000n\000\040\000G\000u\000i\000d\000e\000l\000i\000n\000e\000s}{chapter.2}% 11
\BOOKMARK [1][]{section.2.6}{\376\377\0002\000.\0006\000\040\000C\000o\000n\000f\000i\000g\000u\000r\000e\000\040\000G\000i\000t\000\040\000a\000n\000d\000\040\000c\000o\000r\000r\000e\000c\000t\000\040\000E\000O\000L\000\040\000h\000a\000n\000d\000l\000i\000n\000g}{chapter.2}% 12
\BOOKMARK [1][]{section.2.7}{\376\377\0002\000.\0007\000\040\000S\000o\000u\000r\000c\000e\000c\000o\000d\000e\000\040\000D\000o\000c\000u\000m\000e\000n\000t\000a\000t\000i\000o\000n}{chapter.2}% 13
\BOOKMARK [1][]{section.2.8}{\376\377\0002\000.\0008\000\040\000F\000e\000e\000d\000b\000a\000c\000k}{chapter.2}% 14
\BOOKMARK [1][]{section.2.9}{\376\377\0002\000.\0009\000\040\000A\000b\000o\000u\000t}{chapter.2}% 15
\BOOKMARK [2][]{subsection.2.9.1}{\376\377\0002\000.\0009\000.\0001\000\040\000M\000a\000i\000n\000t\000a\000i\000n\000e\000r\000s}{section.2.9}% 16
\BOOKMARK [2][]{subsection.2.9.2}{\376\377\0002\000.\0009\000.\0002\000\040\000C\000o\000n\000t\000r\000i\000b\000u\000t\000o\000r\000s}{section.2.9}% 17
\BOOKMARK [1][]{section.2.10}{\376\377\0002\000.\0001\0000\000\040\000L\000i\000c\000e\000n\000s\000e}{chapter.2}% 18
\BOOKMARK [0][]{chapter.3}{\376\377\0003\000\040\000\137\000\137\000i\000n\000i\000t\000\137\000\137\000.\000p\000y}{}% 19
\BOOKMARK [1][]{section.3.1}{\376\377\0003\000.\0001\000\040\000C\000l\000a\000s\000s\000:\000\040\000C\000o\000n\000n\000e\000c\000t\000i\000o\000n\000M\000a\000n\000a\000g\000e\000r}{chapter.3}% 20
\BOOKMARK [0][]{chapter.4}{\376\377\0004\000\040\000c\000o\000n\000n\000e\000c\000t\000i\000o\000n\000\137\000b\000a\000s\000e\000.\000p\000y}{}% 21
\BOOKMARK [1][]{section.4.1}{\376\377\0004\000.\0001\000\040\000C\000l\000a\000s\000s\000:\000\040\000B\000r\000o\000k\000e\000n\000C\000o\000n\000n\000E\000r\000r\000o\000r}{chapter.4}% 22
\BOOKMARK [1][]{section.4.2}{\376\377\0004\000.\0002\000\040\000C\000l\000a\000s\000s\000:\000\040\000C\000o\000n\000n\000e\000c\000t\000i\000o\000n\000B\000a\000s\000e}{chapter.4}% 23
\BOOKMARK [2][]{subsection.4.2.1}{\376\377\0004\000.\0002\000.\0001\000\040\000M\000e\000t\000h\000o\000d\000:\000\040\000i\000s\000\137\000s\000u\000p\000p\000o\000r\000t\000e\000d\000\137\000p\000l\000a\000t\000f\000o\000r\000m}{section.4.2}% 24
\BOOKMARK [2][]{subsection.4.2.2}{\376\377\0004\000.\0002\000.\0002\000\040\000M\000e\000t\000h\000o\000d\000:\000\040\000i\000s\000\137\000p\000r\000e\000c\000o\000n\000d\000i\000t\000i\000o\000n\000\137\000p\000a\000s\000s}{section.4.2}% 25
\BOOKMARK [2][]{subsection.4.2.3}{\376\377\0004\000.\0002\000.\0003\000\040\000M\000e\000t\000h\000o\000d\000:\000\040\000e\000r\000r\000o\000r\000\137\000i\000n\000s\000t\000r\000u\000c\000t\000i\000o\000n}{section.4.2}% 26
\BOOKMARK [2][]{subsection.4.2.4}{\376\377\0004\000.\0002\000.\0004\000\040\000M\000e\000t\000h\000o\000d\000:\000\040\000q\000u\000i\000t}{section.4.2}% 27
\BOOKMARK [2][]{subsection.4.2.5}{\376\377\0004\000.\0002\000.\0005\000\040\000M\000e\000t\000h\000o\000d\000:\000\040\000c\000o\000n\000n\000e\000c\000t}{section.4.2}% 28
\BOOKMARK [2][]{subsection.4.2.6}{\376\377\0004\000.\0002\000.\0006\000\040\000M\000e\000t\000h\000o\000d\000:\000\040\000d\000i\000s\000c\000o\000n\000n\000e\000c\000t}{section.4.2}% 29
\BOOKMARK [2][]{subsection.4.2.7}{\376\377\0004\000.\0002\000.\0007\000\040\000M\000e\000t\000h\000o\000d\000:\000\040\000s\000e\000n\000d\000\137\000o\000b\000j}{section.4.2}% 30
\BOOKMARK [2][]{subsection.4.2.8}{\376\377\0004\000.\0002\000.\0008\000\040\000M\000e\000t\000h\000o\000d\000:\000\040\000r\000e\000a\000d\000\137\000o\000b\000j}{section.4.2}% 31
\BOOKMARK [2][]{subsection.4.2.9}{\376\377\0004\000.\0002\000.\0009\000\040\000M\000e\000t\000h\000o\000d\000:\000\040\000w\000a\000i\000t\000\137\0004\000\137\000t\000r\000a\000c\000e}{section.4.2}% 32
\BOOKMARK [2][]{subsection.4.2.10}{\376\377\0004\000.\0002\000.\0001\0000\000\040\000M\000e\000t\000h\000o\000d\000:\000\040\000w\000a\000i\000t\000\137\0004\000\137\000t\000r\000a\000c\000e\000\137\000c\000o\000n\000t\000i\000n\000u\000o\000u\000s\000l\000y}{section.4.2}% 33
\BOOKMARK [2][]{subsection.4.2.11}{\376\377\0004\000.\0002\000.\0001\0001\000\040\000M\000e\000t\000h\000o\000d\000:\000\040\000c\000r\000e\000a\000t\000e\000\137\000a\000n\000d\000\137\000a\000c\000t\000i\000v\000a\000t\000e\000\137\000t\000r\000a\000c\000e\000\137\000q\000u\000e\000u\000e}{section.4.2}% 34
\BOOKMARK [2][]{subsection.4.2.12}{\376\377\0004\000.\0002\000.\0001\0002\000\040\000M\000e\000t\000h\000o\000d\000:\000\040\000d\000e\000a\000c\000t\000i\000v\000a\000t\000e\000\137\000a\000n\000d\000\137\000d\000e\000l\000e\000t\000e\000\137\000t\000r\000a\000c\000e\000\137\000q\000u\000e\000u\000e}{section.4.2}% 35
\BOOKMARK [2][]{subsection.4.2.13}{\376\377\0004\000.\0002\000.\0001\0003\000\040\000M\000e\000t\000h\000o\000d\000:\000\040\000a\000c\000t\000i\000v\000a\000t\000e\000\137\000t\000r\000a\000c\000e\000\137\000q\000u\000e\000u\000e}{section.4.2}% 36
\BOOKMARK [2][]{subsection.4.2.14}{\376\377\0004\000.\0002\000.\0001\0004\000\040\000M\000e\000t\000h\000o\000d\000:\000\040\000d\000e\000a\000c\000t\000i\000v\000a\000t\000e\000\137\000t\000r\000a\000c\000e\000\137\000q\000u\000e\000u\000e}{section.4.2}% 37
\BOOKMARK [2][]{subsection.4.2.15}{\376\377\0004\000.\0002\000.\0001\0005\000\040\000M\000e\000t\000h\000o\000d\000:\000\040\000c\000h\000e\000c\000k\000\137\000t\000i\000m\000e\000o\000u\000t}{section.4.2}% 38
\BOOKMARK [2][]{subsection.4.2.16}{\376\377\0004\000.\0002\000.\0001\0006\000\040\000M\000e\000t\000h\000o\000d\000:\000\040\000p\000r\000e\000\137\000m\000s\000g\000\137\000c\000h\000e\000c\000k}{section.4.2}% 39
\BOOKMARK [2][]{subsection.4.2.17}{\376\377\0004\000.\0002\000.\0001\0007\000\040\000M\000e\000t\000h\000o\000d\000:\000\040\000p\000o\000s\000t\000\137\000m\000s\000g\000\137\000c\000h\000e\000c\000k}{section.4.2}% 40
\BOOKMARK [0][]{chapter.5}{\376\377\0005\000\040\000c\000o\000n\000n\000e\000c\000t\000i\000o\000n\000\137\000m\000a\000n\000a\000g\000e\000r\000.\000p\000y}{}% 41
\BOOKMARK [1][]{section.5.1}{\376\377\0005\000.\0001\000\040\000C\000l\000a\000s\000s\000:\000\040\000I\000n\000p\000u\000t\000P\000a\000r\000a\000m}{chapter.5}% 42
\BOOKMARK [2][]{subsection.5.1.1}{\376\377\0005\000.\0001\000.\0001\000\040\000M\000e\000t\000h\000o\000d\000:\000\040\000g\000e\000t\000\137\000a\000t\000t\000r\000\137\000l\000i\000s\000t}{section.5.1}% 43
\BOOKMARK [1][]{section.5.2}{\376\377\0005\000.\0002\000\040\000C\000l\000a\000s\000s\000:\000\040\000C\000o\000n\000n\000e\000c\000t\000P\000a\000r\000a\000m}{chapter.5}% 44
\BOOKMARK [1][]{section.5.3}{\376\377\0005\000.\0003\000\040\000C\000l\000a\000s\000s\000:\000\040\000S\000e\000n\000d\000C\000o\000m\000m\000a\000n\000d\000P\000a\000r\000a\000m}{chapter.5}% 45
\BOOKMARK [1][]{section.5.4}{\376\377\0005\000.\0004\000\040\000C\000l\000a\000s\000s\000:\000\040\000V\000e\000r\000i\000f\000y\000P\000a\000r\000a\000m}{chapter.5}% 46
\BOOKMARK [1][]{section.5.5}{\376\377\0005\000.\0005\000\040\000C\000l\000a\000s\000s\000:\000\040\000C\000o\000n\000n\000e\000c\000t\000i\000o\000n\000M\000a\000n\000a\000g\000e\000r}{chapter.5}% 47
\BOOKMARK [2][]{subsection.5.5.1}{\376\377\0005\000.\0005\000.\0001\000\040\000M\000e\000t\000h\000o\000d\000:\000\040\000a\000d\000d\000\137\000c\000o\000n\000n\000e\000c\000t\000i\000o\000n}{section.5.5}% 48
\BOOKMARK [2][]{subsection.5.5.2}{\376\377\0005\000.\0005\000.\0002\000\040\000M\000e\000t\000h\000o\000d\000:\000\040\000r\000e\000m\000o\000v\000e\000\137\000c\000o\000n\000n\000e\000c\000t\000i\000o\000n}{section.5.5}% 49
\BOOKMARK [2][]{subsection.5.5.3}{\376\377\0005\000.\0005\000.\0003\000\040\000M\000e\000t\000h\000o\000d\000:\000\040\000g\000e\000t\000\137\000c\000o\000n\000n\000e\000c\000t\000i\000o\000n\000\137\000b\000y\000\137\000n\000a\000m\000e}{section.5.5}% 50
\BOOKMARK [2][]{subsection.5.5.4}{\376\377\0005\000.\0005\000.\0004\000\040\000M\000e\000t\000h\000o\000d\000:\000\040\000d\000i\000s\000c\000o\000n\000n\000e\000c\000t}{section.5.5}% 51
\BOOKMARK [2][]{subsection.5.5.5}{\376\377\0005\000.\0005\000.\0005\000\040\000M\000e\000t\000h\000o\000d\000:\000\040\000c\000o\000n\000n\000e\000c\000t}{section.5.5}% 52
\BOOKMARK [2][]{subsection.5.5.6}{\376\377\0005\000.\0005\000.\0006\000\040\000M\000e\000t\000h\000o\000d\000:\000\040\000c\000o\000n\000n\000e\000c\000t\000\137\000n\000a\000m\000e\000d\000\137\000a\000r\000g\000s}{section.5.5}% 53
\BOOKMARK [2][]{subsection.5.5.7}{\376\377\0005\000.\0005\000.\0007\000\040\000M\000e\000t\000h\000o\000d\000:\000\040\000c\000o\000n\000n\000e\000c\000t\000\137\000u\000n\000n\000a\000m\000e\000d\000\137\000a\000r\000g\000s}{section.5.5}% 54
\BOOKMARK [2][]{subsection.5.5.8}{\376\377\0005\000.\0005\000.\0008\000\040\000M\000e\000t\000h\000o\000d\000:\000\040\000s\000e\000n\000d\000\137\000c\000o\000m\000m\000a\000n\000d}{section.5.5}% 55
\BOOKMARK [2][]{subsection.5.5.9}{\376\377\0005\000.\0005\000.\0009\000\040\000M\000e\000t\000h\000o\000d\000:\000\040\000s\000e\000n\000d\000\137\000c\000o\000m\000m\000a\000n\000d\000\137\000n\000a\000m\000e\000d\000\137\000a\000r\000g\000s}{section.5.5}% 56
\BOOKMARK [2][]{subsection.5.5.10}{\376\377\0005\000.\0005\000.\0001\0000\000\040\000M\000e\000t\000h\000o\000d\000:\000\040\000s\000e\000n\000d\000\137\000c\000o\000m\000m\000a\000n\000d\000\137\000u\000n\000n\000a\000m\000e\000d\000\137\000a\000r\000g\000s}{section.5.5}% 57
\BOOKMARK [2][]{subsection.5.5.11}{\376\377\0005\000.\0005\000.\0001\0001\000\040\000M\000e\000t\000h\000o\000d\000:\000\040\000v\000e\000r\000i\000f\000y}{section.5.5}% 58
\BOOKMARK [2][]{subsection.5.5.12}{\376\377\0005\000.\0005\000.\0001\0002\000\040\000M\000e\000t\000h\000o\000d\000:\000\040\000v\000e\000r\000i\000f\000y\000\137\000n\000a\000m\000e\000d\000\137\000a\000r\000g\000s}{section.5.5}% 59
\BOOKMARK [2][]{subsection.5.5.13}{\376\377\0005\000.\0005\000.\0001\0003\000\040\000M\000e\000t\000h\000o\000d\000:\000\040\000v\000e\000r\000i\000f\000y\000\137\000u\000n\000n\000a\000m\000e\000d\000\137\000a\000r\000g\000s}{section.5.5}% 60
\BOOKMARK [1][]{section.5.6}{\376\377\0005\000.\0006\000\040\000C\000l\000a\000s\000s\000:\000\040\000T\000e\000s\000t\000O\000p\000t\000i\000o\000n}{chapter.5}% 61
\BOOKMARK [0][]{chapter.6}{\376\377\0006\000\040\000c\000o\000n\000s\000t\000a\000n\000t\000s\000.\000p\000y}{}% 62
\BOOKMARK [1][]{section.6.1}{\376\377\0006\000.\0001\000\040\000C\000l\000a\000s\000s\000:\000\040\000S\000o\000c\000k\000e\000t\000T\000y\000p\000e}{chapter.6}% 63
\BOOKMARK [1][]{section.6.2}{\376\377\0006\000.\0002\000\040\000C\000l\000a\000s\000s\000:\000\040\000S\000t\000r\000i\000n\000g}{chapter.6}% 64
\BOOKMARK [0][]{chapter.7}{\376\377\0007\000\040\000q\000l\000o\000g\000g\000e\000r\000.\000p\000y}{}% 65
\BOOKMARK [1][]{section.7.1}{\376\377\0007\000.\0001\000\040\000C\000l\000a\000s\000s\000:\000\040\000C\000o\000l\000o\000r\000F\000o\000r\000m\000a\000t\000t\000e\000r}{chapter.7}% 66
\BOOKMARK [2][]{subsection.7.1.1}{\376\377\0007\000.\0001\000.\0001\000\040\000M\000e\000t\000h\000o\000d\000:\000\040\000f\000o\000r\000m\000a\000t}{section.7.1}% 67
\BOOKMARK [1][]{section.7.2}{\376\377\0007\000.\0002\000\040\000C\000l\000a\000s\000s\000:\000\040\000Q\000F\000i\000l\000e\000H\000a\000n\000d\000l\000e\000r}{chapter.7}% 68
\BOOKMARK [2][]{subsection.7.2.1}{\376\377\0007\000.\0002\000.\0001\000\040\000M\000e\000t\000h\000o\000d\000:\000\040\000g\000e\000t\000\137\000l\000o\000g\000\137\000p\000a\000t\000h}{section.7.2}% 69
\BOOKMARK [2][]{subsection.7.2.2}{\376\377\0007\000.\0002\000.\0002\000\040\000M\000e\000t\000h\000o\000d\000:\000\040\000g\000e\000t\000\137\000c\000o\000n\000f\000i\000g\000\137\000s\000u\000p\000p\000o\000r\000t\000e\000d}{section.7.2}% 70
\BOOKMARK [1][]{section.7.3}{\376\377\0007\000.\0003\000\040\000C\000l\000a\000s\000s\000:\000\040\000Q\000D\000e\000f\000a\000u\000l\000t\000F\000i\000l\000e\000H\000a\000n\000d\000l\000e\000r}{chapter.7}% 71
\BOOKMARK [2][]{subsection.7.3.1}{\376\377\0007\000.\0003\000.\0001\000\040\000M\000e\000t\000h\000o\000d\000:\000\040\000g\000e\000t\000\137\000l\000o\000g\000\137\000p\000a\000t\000h}{section.7.3}% 72
\BOOKMARK [2][]{subsection.7.3.2}{\376\377\0007\000.\0003\000.\0002\000\040\000M\000e\000t\000h\000o\000d\000:\000\040\000g\000e\000t\000\137\000c\000o\000n\000f\000i\000g\000\137\000s\000u\000p\000p\000o\000r\000t\000e\000d}{section.7.3}% 73
\BOOKMARK [1][]{section.7.4}{\376\377\0007\000.\0004\000\040\000C\000l\000a\000s\000s\000:\000\040\000Q\000C\000o\000n\000s\000o\000l\000e\000H\000a\000n\000d\000l\000e\000r}{chapter.7}% 74
\BOOKMARK [2][]{subsection.7.4.1}{\376\377\0007\000.\0004\000.\0001\000\040\000M\000e\000t\000h\000o\000d\000:\000\040\000g\000e\000t\000\137\000c\000o\000n\000f\000i\000g\000\137\000s\000u\000p\000p\000o\000r\000t\000e\000d}{section.7.4}% 75
\BOOKMARK [1][]{section.7.5}{\376\377\0007\000.\0005\000\040\000C\000l\000a\000s\000s\000:\000\040\000Q\000L\000o\000g\000g\000e\000r}{chapter.7}% 76
\BOOKMARK [2][]{subsection.7.5.1}{\376\377\0007\000.\0005\000.\0001\000\040\000M\000e\000t\000h\000o\000d\000:\000\040\000g\000e\000t\000\137\000l\000o\000g\000g\000e\000r}{section.7.5}% 77
\BOOKMARK [2][]{subsection.7.5.2}{\376\377\0007\000.\0005\000.\0002\000\040\000M\000e\000t\000h\000o\000d\000:\000\040\000s\000e\000t\000\137\000h\000a\000n\000d\000l\000e\000r}{section.7.5}% 78
\BOOKMARK [0][]{chapter.8}{\376\377\0008\000\040\000s\000e\000r\000i\000a\000l\000\137\000b\000a\000s\000e\000.\000p\000y}{}% 79
\BOOKMARK [1][]{section.8.1}{\376\377\0008\000.\0001\000\040\000C\000l\000a\000s\000s\000:\000\040\000S\000e\000r\000i\000a\000l\000C\000o\000n\000f\000i\000g}{chapter.8}% 80
\BOOKMARK [2][]{subsection.8.1.1}{\376\377\0008\000.\0001\000.\0001\000\040\000M\000e\000t\000h\000o\000d\000:\000\040\000d\000i\000s\000c\000o\000n\000n\000e\000c\000t}{section.8.1}% 81
\BOOKMARK [2][]{subsection.8.1.2}{\376\377\0008\000.\0001\000.\0002\000\040\000M\000e\000t\000h\000o\000d\000:\000\040\000q\000u\000i\000t}{section.8.1}% 82
\BOOKMARK [1][]{section.8.2}{\376\377\0008\000.\0002\000\040\000C\000l\000a\000s\000s\000:\000\040\000S\000e\000r\000i\000a\000l\000C\000l\000i\000e\000n\000t}{chapter.8}% 83
\BOOKMARK [0][]{chapter.9}{\376\377\0009\000\040\000r\000a\000w\000\137\000t\000c\000p\000.\000p\000y}{}% 84
\BOOKMARK [1][]{section.9.1}{\376\377\0009\000.\0001\000\040\000C\000l\000a\000s\000s\000:\000\040\000R\000a\000w\000T\000C\000P\000B\000a\000s\000e}{chapter.9}% 85
\BOOKMARK [0][]{chapter.10}{\376\377\0001\0000\000\040\000s\000s\000h\000\137\000c\000l\000i\000e\000n\000t\000.\000p\000y}{}% 86
\BOOKMARK [1][]{section.10.1}{\376\377\0001\0000\000.\0001\000\040\000C\000l\000a\000s\000s\000:\000\040\000A\000u\000t\000h\000e\000n\000t\000i\000c\000a\000t\000i\000o\000n\000T\000y\000p\000e}{chapter.10}% 87
\BOOKMARK [1][]{section.10.2}{\376\377\0001\0000\000.\0002\000\040\000C\000l\000a\000s\000s\000:\000\040\000S\000S\000H\000C\000o\000n\000f\000i\000g}{chapter.10}% 88
\BOOKMARK [2][]{subsection.10.2.1}{\376\377\0001\0000\000.\0002\000.\0001\000\040\000M\000e\000t\000h\000o\000d\000:\000\040\000c\000l\000o\000s\000e}{section.10.2}% 89
\BOOKMARK [0][]{chapter.11}{\376\377\0001\0001\000\040\000t\000c\000p\000\137\000b\000a\000s\000e\000.\000p\000y}{}% 90
\BOOKMARK [1][]{section.11.1}{\376\377\0001\0001\000.\0001\000\040\000C\000l\000a\000s\000s\000:\000\040\000T\000C\000P\000C\000o\000n\000f\000i\000g}{chapter.11}% 91
\BOOKMARK [1][]{section.11.2}{\376\377\0001\0001\000.\0002\000\040\000C\000l\000a\000s\000s\000:\000\040\000T\000C\000P\000B\000a\000s\000e}{chapter.11}% 92
\BOOKMARK [2][]{subsection.11.2.1}{\376\377\0001\0001\000.\0002\000.\0001\000\040\000M\000e\000t\000h\000o\000d\000:\000\040\000c\000l\000o\000s\000e}{section.11.2}% 93
\BOOKMARK [2][]{subsection.11.2.2}{\376\377\0001\0001\000.\0002\000.\0002\000\040\000M\000e\000t\000h\000o\000d\000:\000\040\000q\000u\000i\000t}{section.11.2}% 94
\BOOKMARK [2][]{subsection.11.2.3}{\376\377\0001\0001\000.\0002\000.\0003\000\040\000M\000e\000t\000h\000o\000d\000:\000\040\000c\000o\000n\000n\000e\000c\000t}{section.11.2}% 95
\BOOKMARK [2][]{subsection.11.2.4}{\376\377\0001\0001\000.\0002\000.\0004\000\040\000M\000e\000t\000h\000o\000d\000:\000\040\000d\000i\000s\000c\000o\000n\000n\000e\000c\000t}{section.11.2}% 96
\BOOKMARK [1][]{section.11.3}{\376\377\0001\0001\000.\0003\000\040\000C\000l\000a\000s\000s\000:\000\040\000T\000C\000P\000B\000a\000s\000e\000S\000e\000r\000v\000e\000r}{chapter.11}% 97
\BOOKMARK [2][]{subsection.11.3.1}{\376\377\0001\0001\000.\0003\000.\0001\000\040\000M\000e\000t\000h\000o\000d\000:\000\040\000a\000c\000c\000e\000p\000t\000\137\000c\000o\000n\000n\000e\000c\000t\000i\000o\000n}{section.11.3}% 98
\BOOKMARK [2][]{subsection.11.3.2}{\376\377\0001\0001\000.\0003\000.\0002\000\040\000M\000e\000t\000h\000o\000d\000:\000\040\000c\000o\000n\000n\000e\000c\000t}{section.11.3}% 99
\BOOKMARK [2][]{subsection.11.3.3}{\376\377\0001\0001\000.\0003\000.\0003\000\040\000M\000e\000t\000h\000o\000d\000:\000\040\000d\000i\000s\000c\000o\000n\000n\000e\000c\000t}{section.11.3}% 100
\BOOKMARK [1][]{section.11.4}{\376\377\0001\0001\000.\0004\000\040\000C\000l\000a\000s\000s\000:\000\040\000T\000C\000P\000B\000a\000s\000e\000C\000l\000i\000e\000n\000t}{chapter.11}% 101
\BOOKMARK [2][]{subsection.11.4.1}{\376\377\0001\0001\000.\0004\000.\0001\000\040\000M\000e\000t\000h\000o\000d\000:\000\040\000c\000o\000n\000n\000e\000c\000t}{section.11.4}% 102
\BOOKMARK [2][]{subsection.11.4.2}{\376\377\0001\0001\000.\0004\000.\0002\000\040\000M\000e\000t\000h\000o\000d\000:\000\040\000d\000i\000s\000c\000o\000n\000n\000e\000c\000t}{section.11.4}% 103
\BOOKMARK [0][]{chapter.12}{\376\377\0001\0002\000\040\000u\000t\000i\000l\000s\000.\000p\000y}{}% 104
\BOOKMARK [1][]{section.12.1}{\376\377\0001\0002\000.\0001\000\040\000C\000l\000a\000s\000s\000:\000\040\000S\000i\000n\000g\000l\000e\000t\000o\000n}{chapter.12}% 105
\BOOKMARK [1][]{section.12.2}{\376\377\0001\0002\000.\0002\000\040\000C\000l\000a\000s\000s\000:\000\040\000D\000i\000c\000t\000T\000o\000C\000l\000a\000s\000s}{chapter.12}% 106
\BOOKMARK [1][]{section.12.3}{\376\377\0001\0002\000.\0003\000\040\000C\000l\000a\000s\000s\000:\000\040\000U\000t\000i\000l\000s}{chapter.12}% 107
\BOOKMARK [2][]{subsection.12.3.1}{\376\377\0001\0002\000.\0003\000.\0001\000\040\000M\000e\000t\000h\000o\000d\000:\000\040\000g\000e\000t\000\137\000a\000l\000l\000\137\000s\000u\000b\000\137\000c\000l\000a\000s\000s\000e\000s}{section.12.3}% 108
\BOOKMARK [2][]{subsection.12.3.2}{\376\377\0001\0002\000.\0003\000.\0002\000\040\000M\000e\000t\000h\000o\000d\000:\000\040\000i\000s\000\137\000v\000a\000l\000i\000d\000\137\000h\000o\000s\000t}{section.12.3}% 109
\BOOKMARK [2][]{subsection.12.3.3}{\376\377\0001\0002\000.\0003\000.\0003\000\040\000M\000e\000t\000h\000o\000d\000:\000\040\000e\000x\000e\000c\000u\000t\000e\000\137\000c\000o\000m\000m\000a\000n\000d}{section.12.3}% 110
\BOOKMARK [2][]{subsection.12.3.4}{\376\377\0001\0002\000.\0003\000.\0004\000\040\000M\000e\000t\000h\000o\000d\000:\000\040\000k\000i\000l\000l\000\137\000p\000r\000o\000c\000e\000s\000s}{section.12.3}% 111
\BOOKMARK [2][]{subsection.12.3.5}{\376\377\0001\0002\000.\0003\000.\0005\000\040\000M\000e\000t\000h\000o\000d\000:\000\040\000c\000a\000l\000l\000e\000r\000\137\000n\000a\000m\000e}{section.12.3}% 112
\BOOKMARK [2][]{subsection.12.3.6}{\376\377\0001\0002\000.\0003\000.\0006\000\040\000M\000e\000t\000h\000o\000d\000:\000\040\000l\000o\000a\000d\000\137\000l\000i\000b\000r\000a\000r\000y}{section.12.3}% 113
\BOOKMARK [2][]{subsection.12.3.7}{\376\377\0001\0002\000.\0003\000.\0007\000\040\000M\000e\000t\000h\000o\000d\000:\000\040\000i\000s\000\137\000a\000s\000c\000i\000i\000\137\000o\000r\000\137\000u\000n\000i\000c\000o\000d\000e}{section.12.3}% 114
\BOOKMARK [1][]{section.12.4}{\376\377\0001\0002\000.\0004\000\040\000C\000l\000a\000s\000s\000:\000\040\000J\000o\000b}{chapter.12}% 115
\BOOKMARK [2][]{subsection.12.4.1}{\376\377\0001\0002\000.\0004\000.\0001\000\040\000M\000e\000t\000h\000o\000d\000:\000\040\000s\000t\000o\000p}{section.12.4}% 116
\BOOKMARK [2][]{subsection.12.4.2}{\376\377\0001\0002\000.\0004\000.\0002\000\040\000M\000e\000t\000h\000o\000d\000:\000\040\000r\000u\000n}{section.12.4}% 117
\BOOKMARK [1][]{section.12.5}{\376\377\0001\0002\000.\0005\000\040\000C\000l\000a\000s\000s\000:\000\040\000R\000e\000s\000u\000l\000t\000T\000y\000p\000e}{chapter.12}% 118
\BOOKMARK [2][]{subsection.12.5.1}{\376\377\0001\0002\000.\0005\000.\0001\000\040\000M\000e\000t\000h\000o\000d\000:\000\040\000g\000e\000t\000\137\000j\000s\000o\000n}{section.12.5}% 119
\BOOKMARK [2][]{subsection.12.5.2}{\376\377\0001\0002\000.\0005\000.\0002\000\040\000M\000e\000t\000h\000o\000d\000:\000\040\000g\000e\000t\000\137\000d\000a\000t\000a}{section.12.5}% 120
\BOOKMARK [2][]{subsection.12.5.3}{\376\377\0001\0002\000.\0005\000.\0003\000\040\000M\000e\000t\000h\000o\000d\000:\000\040\000c\000r\000e\000a\000t\000e\000\137\000f\000r\000o\000m\000\137\000s\000t\000r\000i\000n\000g}{section.12.5}% 121
\BOOKMARK [0][]{chapter.13}{\376\377\0001\0003\000\040\000A\000p\000p\000e\000n\000d\000i\000x}{}% 122
\BOOKMARK [0][]{chapter.14}{\376\377\0001\0004\000\040\000H\000i\000s\000t\000o\000r\000y}{}% 123
